[2018-10-29 10:04:08] Текст ошибки: Страница не найдена | Файл: C:\OSPanel\domains\ishop.local\public\index.php | Строка: 6
======================
[2018-10-29 10:04:08] Текст ошибки: Страница не найдена | Файл: C:\OSPanel\domains\ishop.local\public\index.php | Строка: 6
======================
[2018-10-29 10:04:37] Текст ошибки: Страница не найдена | Файл: C:\OSPanel\domains\ishop.local\public\index.php | Строка: 6
======================
[2018-10-29 10:05:42] Текст ошибки: Страница не найдена | Файл: C:\OSPanel\domains\ishop.local\public\index.php | Строка: 6
======================
[2018-10-29 10:05:44] Текст ошибки: Страница не найдена | Файл: C:\OSPanel\domains\ishop.local\public\index.php | Строка: 6
======================
[2018-10-29 10:05:50] Текст ошибки: Страница не найдена | Файл: C:\OSPanel\domains\ishop.local\public\index.php | Строка: 6
======================
[2018-10-29 10:05:50] Текст ошибки: Страница не найдена | Файл: C:\OSPanel\domains\ishop.local\public\index.php | Строка: 6
======================
[2018-10-29 10:06:54] Текст ошибки: Страница не найдена | Файл: C:\OSPanel\domains\ishop.local\public\index.php | Строка: 6
======================
[2018-10-29 10:07:23] Текст ошибки: Страница не найдена | Файл: C:\OSPanel\domains\ishop.local\public\index.php | Строка: 6
======================
[2018-10-29 10:07:25] Текст ошибки: Страница не найдена | Файл: C:\OSPanel\domains\ishop.local\public\index.php | Строка: 6
======================
[2018-10-29 10:07:25] Текст ошибки: Страница не найдена | Файл: C:\OSPanel\domains\ishop.local\public\index.php | Строка: 6
======================
[2018-10-29 10:07:53] Текст ошибки: Страница не найдена | Файл: C:\OSPanel\domains\ishop.local\public\index.php | Строка: 6
======================
[2018-10-29 10:08:15] Текст ошибки: Страница не найдена | Файл: C:\OSPanel\domains\ishop.local\public\index.php | Строка: 6
======================
[2018-10-29 10:08:37] Текст ошибки: Страница не найдена | Файл: C:\OSPanel\domains\ishop.local\public\index.php | Строка: 6
======================
[2018-10-29 10:09:33] Текст ошибки: Страница не найдена | Файл: C:\OSPanel\domains\ishop.local\public\index.php | Строка: 6
======================
[2018-10-29 10:09:33] Текст ошибки: Страница не найдена | Файл: C:\OSPanel\domains\ishop.local\public\index.php | Строка: 6
======================
[2018-10-29 10:09:46] Текст ошибки: Страница не найдена | Файл: C:\OSPanel\domains\ishop.local\public\index.php | Строка: 6
======================
[2018-10-29 10:58:57] Текст ошибки: Страница не найдена | Файл: C:\OSPanel\domains\ishop.local\vendor\ishop\core\Router.php | Строка: 31
======================
[2018-10-29 11:18:49] Текст ошибки: Страница не найдена | Файл: C:\OSPanel\domains\ishop.local\vendor\ishop\core\Router.php | Строка: 31
======================
[2018-10-29 11:31:21] Текст ошибки: Контроллер app\controllers\PageNewController не найден | Файл: C:\OSPanel\domains\ishop.local\vendor\ishop\core\Router.php | Строка: 34
======================
[2018-10-29 11:34:18] Текст ошибки: Контроллер app\controllers\PageNewController не найден | Файл: C:\OSPanel\domains\ishop.local\vendor\ishop\core\Router.php | Строка: 39
======================
[2018-10-29 11:34:21] Текст ошибки: Контроллер app\controllers\MainController не найден | Файл: C:\OSPanel\domains\ishop.local\vendor\ishop\core\Router.php | Строка: 39
======================
[2018-10-29 11:35:54] Текст ошибки: Метод indexAction не найден | Файл: C:\OSPanel\domains\ishop.local\vendor\ishop\core\Router.php | Строка: 36
======================
[2018-10-29 11:36:18] Текст ошибки: Метод indexAction контроллера app\controllers\MainController не найден | Файл: C:\OSPanel\domains\ishop.local\vendor\ishop\core\Router.php | Строка: 36
======================
